2025-11-01 01:00:38,538 [INFO] Activator:176 - 


2025-11-01 01:00:38,540 [INFO] Activator:177 - !SESSION log4j initialized
2025-11-01 01:00:42,578 [INFO] LogOutputStream:77 - [STDOUT_REDIRECT] 
2025-11-01 01:00:50,400 [INFO] ApplicationProperties:184 - Using Application install path: C:\ST\STM32CubeIDE_1.19.0\STM32CubeIDE\plugins\com.st.stm32cube.common.mx_6.15.0.202507011659
2025-11-01 01:00:50,436 [INFO] DbMcusXml:78 - Set database path to: C:\ST\STM32CubeIDE_1.19.0\STM32CubeIDE\plugins\com.st.stm32cube.common.mx_6.15.0.202507011659\\db\/mcu/
2025-11-01 01:00:50,437 [INFO] ApiDb:274 - Set plugin database path to: C:\ST\STM32CubeIDE_1.19.0\STM32CubeIDE\plugins\com.st.stm32cube.common.mx_6.15.0.202507011659\\db\/plugins/boardmanager/
2025-11-01 01:00:50,441 [WARN] ApiDb:259 - Overriding images path with different value:  => C:\ST\STM32CubeIDE_1.19.0\STM32CubeIDE\plugins\com.st.stm32cube.common.mx_6.15.0.202507011659\\db\/plugins/mcufinder/images/
2025-11-01 01:00:50,457 [INFO] ApiDb:250 - Set database path to: C:\Users\dirrialssі\.stmcufinder\plugins\mcufinder//mcu/
2025-11-01 01:00:50,459 [INFO] DbMcusAds:125 - Set database path to: C:\Users\dirrialssі\.stmcufinder\plugins\mcufinder//mcu/
2025-11-01 01:00:50,464 [INFO] CrossReferenceDbSqlite:203 - Set database path to: C:\Users\dirrialssі\.stmcufinder\plugins\mcufinder//mcu/cs/
2025-11-01 01:00:50,721 [INFO] RulesReader:64 - Compatibility file has been processed (317 Rules)
2025-11-01 01:00:50,952 [INFO] DbMcusXml:78 - Set database path to: C:\ST\STM32CubeIDE_1.19.0\STM32CubeIDE\plugins\com.st.stm32cube.common.mx_6.15.0.202507011659\\db\/mcu/
2025-11-01 01:00:50,952 [INFO] ApiDb:274 - Set plugin database path to: C:\ST\STM32CubeIDE_1.19.0\STM32CubeIDE\plugins\com.st.stm32cube.common.mx_6.15.0.202507011659\\db\/plugins/boardmanager/
2025-11-01 01:00:50,953 [INFO] ApiDb:261 - Set plugin images path to: C:\ST\STM32CubeIDE_1.19.0\STM32CubeIDE\plugins\com.st.stm32cube.common.mx_6.15.0.202507011659\\db\/plugins/mcufinder/images/
2025-11-01 01:00:50,954 [WARN] DbFile:41 - Overriding database path with different value: C:\Users\dirrialssі\.stmcufinder\plugins\mcufinder/ => C:\Users\dirrialssі\.stmcufinder\plugins\mcufinder
2025-11-01 01:00:50,954 [INFO] ApiDb:250 - Set database path to: C:\Users\dirrialssі\.stmcufinder\plugins\mcufinder//mcu/
2025-11-01 01:00:50,955 [WARN] DbFile:41 - Overriding database path with different value: C:\Users\dirrialssі\.stmcufinder\plugins\mcufinder/ => C:\Users\dirrialssі\.stmcufinder\plugins\mcufinder
2025-11-01 01:00:50,955 [INFO] DbMcusAds:125 - Set database path to: C:\Users\dirrialssі\.stmcufinder\plugins\mcufinder//mcu/
2025-11-01 01:00:50,955 [WARN] DbFile:41 - Overriding database path with different value: C:\Users\dirrialssі\.stmcufinder\plugins\mcufinder/ => C:\Users\dirrialssі\.stmcufinder\plugins\mcufinder
2025-11-01 01:00:50,956 [WARN] DbFile:41 - Overriding database path with different value: C:\Users\dirrialssі\.stmcufinder\plugins\mcufinder/ => C:\Users\dirrialssі\.stmcufinder\plugins\mcufinder
2025-11-01 01:00:50,956 [INFO] CrossReferenceDbSqlite:203 - Set database path to: C:\Users\dirrialssі\.stmcufinder\plugins\mcufinder//mcu/cs/
2025-11-01 01:00:51,139 [INFO] MainPanel:274 - HeapMemory: 268435456
2025-11-01 01:00:51,404 [INFO] DbMcusXml:78 - Set database path to: C:\ST\STM32CubeIDE_1.19.0\STM32CubeIDE\plugins\com.st.stm32cube.common.mx_6.15.0.202507011659\\db\/mcu/
2025-11-01 01:00:51,404 [INFO] ApiDb:274 - Set plugin database path to: C:\ST\STM32CubeIDE_1.19.0\STM32CubeIDE\plugins\com.st.stm32cube.common.mx_6.15.0.202507011659\\db\/plugins/boardmanager/
2025-11-01 01:00:51,404 [INFO] ApiDb:261 - Set plugin images path to: C:\ST\STM32CubeIDE_1.19.0\STM32CubeIDE\plugins\com.st.stm32cube.common.mx_6.15.0.202507011659\\db\/plugins/mcufinder/images/
2025-11-01 01:00:51,405 [WARN] DbFile:41 - Overriding database path with different value: C:\Users\dirrialssі\.stmcufinder\plugins\mcufinder/ => C:\Users\dirrialssі\.stmcufinder\plugins\mcufinder
2025-11-01 01:00:51,406 [INFO] ApiDb:250 - Set database path to: C:\Users\dirrialssі\.stmcufinder\plugins\mcufinder//mcu/
2025-11-01 01:00:51,406 [WARN] DbFile:41 - Overriding database path with different value: C:\Users\dirrialssі\.stmcufinder\plugins\mcufinder/ => C:\Users\dirrialssі\.stmcufinder\plugins\mcufinder
2025-11-01 01:00:51,407 [INFO] DbMcusAds:125 - Set database path to: C:\Users\dirrialssі\.stmcufinder\plugins\mcufinder//mcu/
2025-11-01 01:00:51,407 [WARN] DbFile:41 - Overriding database path with different value: C:\Users\dirrialssі\.stmcufinder\plugins\mcufinder/ => C:\Users\dirrialssі\.stmcufinder\plugins\mcufinder
2025-11-01 01:00:51,409 [WARN] DbFile:41 - Overriding database path with different value: C:\Users\dirrialssі\.stmcufinder\plugins\mcufinder/ => C:\Users\dirrialssі\.stmcufinder\plugins\mcufinder
2025-11-01 01:00:51,409 [INFO] CrossReferenceDbSqlite:203 - Set database path to: C:\Users\dirrialssі\.stmcufinder\plugins\mcufinder//mcu/cs/
2025-11-01 01:00:51,457 [INFO] ApplicationProperties:184 - Using Application install path: C:\ST\STM32CubeIDE_1.19.0\STM32CubeIDE\plugins\com.st.stm32cube.common.mx_6.15.0.202507011659
2025-11-01 01:00:51,459 [INFO] PluginManage:196 - Search for loadable plugins [exclusion list=, ]
2025-11-01 01:00:51,463 [INFO] PluginManage:310 - Check plugin analytics
2025-11-01 01:00:56,805 [INFO] AnalyticsPlugin:253 - Accepted Software Licenses: 
2025-11-01 01:00:56,805 [INFO] AnalyticsPlugin:255 - Accepted CMSIS Pack Licenses: 
2025-11-01 01:00:56,805 [INFO] AnalyticsPlugin:257 - Accepted Firmware Licenses: FW.F4.1.28.0
2025-11-01 01:00:56,808 [INFO] PluginManage:359 - Loaded plugin analytics (category:tool,tabindex:-1)
2025-11-01 01:00:56,809 [INFO] PluginManage:310 - Check plugin cadmodel
2025-11-01 01:00:56,814 [INFO] CADModel:105 - Init CAD model plugin
2025-11-01 01:00:56,814 [INFO] PluginManage:359 - Loaded plugin cadmodel (category:power,tabindex:5)
2025-11-01 01:00:56,815 [INFO] PluginManage:310 - Check plugin clock
2025-11-01 01:00:56,830 [INFO] PluginManage:359 - Loaded plugin clock (category:base,tabindex:2)
2025-11-01 01:00:56,830 [INFO] PluginManage:310 - Check plugin ddr
2025-11-01 01:00:56,833 [INFO] PluginManage:359 - Loaded plugin ddr (category:tool,tabindex:6)
2025-11-01 01:00:56,836 [INFO] PluginManage:310 - Check plugin filemanager
2025-11-01 01:00:57,039 [INFO] PluginManage:359 - Loaded plugin filemanager (category:base,tabindex:10)
2025-11-01 01:00:57,039 [INFO] PluginManage:310 - Check plugin ipmanager
2025-11-01 01:00:57,053 [INFO] PluginManage:359 - Loaded plugin ipmanager (category:base,tabindex:5)
2025-11-01 01:00:57,053 [INFO] PluginManage:310 - Check plugin lpbam
2025-11-01 01:00:57,069 [INFO] PluginManage:359 - Loaded plugin lpbam (category:base,tabindex:0)
2025-11-01 01:00:57,069 [INFO] PluginManage:310 - Check plugin memorymap
2025-11-01 01:00:57,087 [INFO] PluginManage:359 - Loaded plugin memorymap (category:base,tabindex:4)
2025-11-01 01:00:57,087 [INFO] PluginManage:310 - Check plugin pinoutandconfiguration
2025-11-01 01:00:57,098 [INFO] PluginManage:359 - Loaded plugin pinoutandconfiguration (category:base,tabindex:1)
2025-11-01 01:00:57,098 [INFO] PluginManage:310 - Check plugin pinoutconfig
2025-11-01 01:00:57,207 [WARN] SupportedApi:132 - Cannot load RTOS API schema: s4s-elt-must-match.1: The content of 'definitions' must match (annotation?, (simpleType | complexType)?, (unique | key | keyref)*)). A problem was found starting at: attribute.
2025-11-01 01:00:57,393 [INFO] PluginManage:359 - Loaded plugin pinoutconfig (category:base,tabindex:0)
2025-11-01 01:00:57,393 [INFO] PluginManage:310 - Check plugin power
2025-11-01 01:00:57,402 [INFO] PluginManage:359 - Loaded plugin power (category:power,tabindex:4)
2025-11-01 01:00:57,402 [INFO] PluginManage:310 - Check plugin projectmanager
2025-11-01 01:00:57,418 [INFO] PluginManage:359 - Loaded plugin projectmanager (category:projectmanager,tabindex:4)
2025-11-01 01:00:57,418 [INFO] PluginManage:310 - Check plugin rif
2025-11-01 01:00:57,427 [INFO] PluginManage:359 - Loaded plugin rif (category:base,tabindex:3)
2025-11-01 01:00:57,428 [INFO] PluginManage:310 - Check plugin thirdparty
2025-11-01 01:00:57,577 [INFO] PluginManage:359 - Loaded plugin thirdparty (category:base,tabindex:-1)
2025-11-01 01:00:57,577 [WARN] IntegrityCheckThread:84 - waiting for thirdparty lock release [integrity check]
2025-11-01 01:00:57,578 [INFO] PluginManage:310 - Check plugin tools
2025-11-01 01:00:57,578 [INFO] IntegrityCheckThread:86 - entering critical section [integrity check]
2025-11-01 01:00:57,579 [INFO] ThirdPartyUpdaterWithRetryManager:70 - Updater plugin not ready yet. [1/15]
2025-11-01 01:00:57,584 [INFO] PluginManage:359 - Loaded plugin tools (category:base,tabindex:7)
2025-11-01 01:00:57,584 [INFO] PluginManage:310 - Check plugin tutovideos
2025-11-01 01:00:57,823 [INFO] PluginManage:359 - Loaded plugin tutovideos (category:base,tabindex:-1)
2025-11-01 01:00:57,823 [INFO] PluginManage:310 - Check plugin updater
2025-11-01 01:00:57,848 [INFO] PluginManage:359 - Loaded plugin updater (category:base,tabindex:12)
2025-11-01 01:00:57,848 [INFO] PluginManage:310 - Check plugin userauth
2025-11-01 01:00:57,852 [INFO] UserAuth:118 - Init User Auth plugin
2025-11-01 01:00:57,854 [INFO] PluginManage:359 - Loaded plugin userauth (category:base,tabindex:14)
2025-11-01 01:00:57,855 [INFO] PluginManage:283 - PluginManage : Loaded plugins [18]
2025-11-01 01:00:58,322 [INFO] PinOutPanel:1589 - setPackage(No Configuration,No Configuration)
2025-11-01 01:00:58,499 [INFO] CADModel:165 - CPN selected for project level
2025-11-01 01:00:58,499 [INFO] CADModel:114 - Register for checkConnection events
2025-11-01 01:00:58,526 [INFO] IPUIPlugin:80 - create IPUIPlugin
2025-11-01 01:00:58,526 [INFO] PluginManager:220 - loadIPPluginJar : add adc
2025-11-01 01:00:58,532 [INFO] IPUIPlugin:80 - create IPUIPlugin
2025-11-01 01:00:58,532 [INFO] PluginManager:220 - loadIPPluginJar : add aes
2025-11-01 01:00:58,536 [INFO] IPUIPlugin:80 - create IPUIPlugin
2025-11-01 01:00:58,536 [INFO] PluginManager:220 - loadIPPluginJar : add can
2025-11-01 01:00:58,539 [INFO] IPUIPlugin:80 - create IPUIPlugin
2025-11-01 01:00:58,539 [INFO] PluginManager:220 - loadIPPluginJar : add comp
2025-11-01 01:00:58,543 [INFO] IPUIPlugin:80 - create IPUIPlugin
2025-11-01 01:00:58,543 [INFO] PluginManager:220 - loadIPPluginJar : add cryp
2025-11-01 01:00:58,547 [INFO] IPUIPlugin:80 - create IPUIPlugin
2025-11-01 01:00:58,548 [INFO] PluginManager:220 - loadIPPluginJar : add ddr_ctrl_phy
2025-11-01 01:00:58,552 [INFO] IPUIPlugin:80 - create IPUIPlugin
2025-11-01 01:00:58,553 [INFO] PluginManager:220 - loadIPPluginJar : add dfsdm
2025-11-01 01:00:58,562 [INFO] IPUIPlugin:80 - create IPUIPlugin
2025-11-01 01:00:58,564 [INFO] PluginManager:220 - loadIPPluginJar : add dma
2025-11-01 01:00:58,568 [INFO] IPUIPlugin:80 - create IPUIPlugin
2025-11-01 01:00:58,568 [INFO] PluginManager:220 - loadIPPluginJar : add dma3
2025-11-01 01:00:58,574 [INFO] IPUIPlugin:80 - create IPUIPlugin
2025-11-01 01:00:58,574 [INFO] PluginManager:220 - loadIPPluginJar : add extmemmanager
2025-11-01 01:00:58,577 [INFO] IPUIPlugin:80 - create IPUIPlugin
2025-11-01 01:00:58,577 [INFO] PluginManager:220 - loadIPPluginJar : add fatfs
2025-11-01 01:00:58,585 [INFO] IPUIPlugin:80 - create IPUIPlugin
2025-11-01 01:00:58,585 [INFO] PluginManager:220 - loadIPPluginJar : add fmc
2025-11-01 01:00:58,597 [INFO] IPUIPlugin:80 - create IPUIPlugin
2025-11-01 01:00:58,598 [INFO] PluginManager:220 - loadIPPluginJar : add freertos
2025-11-01 01:00:58,600 [INFO] IPUIPlugin:80 - create IPUIPlugin
2025-11-01 01:00:58,600 [INFO] PluginManager:220 - loadIPPluginJar : add genericplugin
2025-11-01 01:00:58,603 [INFO] IPUIPlugin:80 - create IPUIPlugin
2025-11-01 01:00:58,604 [INFO] PluginManager:220 - loadIPPluginJar : add gfxmmu
2025-11-01 01:00:58,613 [INFO] IPUIPlugin:80 - create IPUIPlugin
2025-11-01 01:00:58,613 [INFO] PluginManager:220 - loadIPPluginJar : add gic
2025-11-01 01:00:58,620 [INFO] IPUIPlugin:80 - create IPUIPlugin
2025-11-01 01:00:58,620 [INFO] PluginManager:220 - loadIPPluginJar : add gpio
2025-11-01 01:00:58,625 [INFO] IPUIPlugin:80 - create IPUIPlugin
2025-11-01 01:00:58,625 [INFO] PluginManager:220 - loadIPPluginJar : add gtzc
2025-11-01 01:00:58,631 [INFO] IPUIPlugin:80 - create IPUIPlugin
2025-11-01 01:00:58,631 [INFO] PluginManager:220 - loadIPPluginJar : add hash
2025-11-01 01:00:58,638 [INFO] IPUIPlugin:80 - create IPUIPlugin
2025-11-01 01:00:58,638 [INFO] PluginManager:220 - loadIPPluginJar : add i2c
2025-11-01 01:00:58,648 [INFO] IPUIPlugin:80 - create IPUIPlugin
2025-11-01 01:00:58,648 [INFO] PluginManager:220 - loadIPPluginJar : add i2s
2025-11-01 01:00:58,655 [INFO] IPUIPlugin:80 - create IPUIPlugin
2025-11-01 01:00:58,655 [INFO] PluginManager:220 - loadIPPluginJar : add i3c
2025-11-01 01:00:58,661 [INFO] IPUIPlugin:80 - create IPUIPlugin
2025-11-01 01:00:58,661 [INFO] PluginManager:220 - loadIPPluginJar : add ipddr
2025-11-01 01:00:58,673 [INFO] IPUIPlugin:80 - create IPUIPlugin
2025-11-01 01:00:58,673 [INFO] PluginManager:220 - loadIPPluginJar : add linkedlist
2025-11-01 01:00:58,679 [INFO] IPUIPlugin:80 - create IPUIPlugin
2025-11-01 01:00:58,679 [INFO] PluginManager:220 - loadIPPluginJar : add lorawan
2025-11-01 01:00:58,683 [INFO] IPUIPlugin:80 - create IPUIPlugin
2025-11-01 01:00:58,683 [INFO] PluginManager:220 - loadIPPluginJar : add ltdc
2025-11-01 01:00:58,692 [INFO] IPUIPlugin:80 - create IPUIPlugin
2025-11-01 01:00:58,692 [INFO] PluginManager:220 - loadIPPluginJar : add mdma
2025-11-01 01:00:58,698 [INFO] IPUIPlugin:80 - create IPUIPlugin
2025-11-01 01:00:58,698 [INFO] PluginManager:220 - loadIPPluginJar : add nvic
2025-11-01 01:00:58,705 [INFO] IPUIPlugin:80 - create IPUIPlugin
2025-11-01 01:00:58,705 [INFO] PluginManager:220 - loadIPPluginJar : add opamp
2025-11-01 01:00:58,710 [INFO] IPUIPlugin:80 - create IPUIPlugin
2025-11-01 01:00:58,711 [INFO] PluginManager:220 - loadIPPluginJar : add openamp
2025-11-01 01:00:58,719 [INFO] IPUIPlugin:80 - create IPUIPlugin
2025-11-01 01:00:58,720 [INFO] PluginManager:220 - loadIPPluginJar : add pdm2pcm
2025-11-01 01:00:58,731 [INFO] IPUIPlugin:80 - create IPUIPlugin
2025-11-01 01:00:58,736 [INFO] PluginManager:220 - loadIPPluginJar : add plateformsettings
2025-11-01 01:00:58,739 [INFO] IPUIPlugin:80 - create IPUIPlugin
2025-11-01 01:00:58,739 [INFO] PluginManager:220 - loadIPPluginJar : add quadspi
2025-11-01 01:00:58,741 [INFO] IPUIPlugin:80 - create IPUIPlugin
2025-11-01 01:00:58,744 [INFO] PluginManager:220 - loadIPPluginJar : add radio
2025-11-01 01:00:58,749 [INFO] IPUIPlugin:80 - create IPUIPlugin
2025-11-01 01:00:58,749 [INFO] PluginManager:220 - loadIPPluginJar : add resmgrutility
2025-11-01 01:00:58,754 [INFO] IPUIPlugin:80 - create IPUIPlugin
2025-11-01 01:00:58,755 [INFO] PluginManager:220 - loadIPPluginJar : add sai
2025-11-01 01:00:58,759 [INFO] IPUIPlugin:80 - create IPUIPlugin
2025-11-01 01:00:58,759 [INFO] PluginManager:220 - loadIPPluginJar : add spi
2025-11-01 01:00:58,769 [INFO] IPUIPlugin:80 - create IPUIPlugin
2025-11-01 01:00:58,769 [INFO] PluginManager:220 - loadIPPluginJar : add stm32_wpan
2025-11-01 01:00:58,773 [INFO] IPUIPlugin:80 - create IPUIPlugin
2025-11-01 01:00:58,773 [INFO] PluginManager:220 - loadIPPluginJar : add tim
2025-11-01 01:00:58,779 [INFO] IPUIPlugin:80 - create IPUIPlugin
2025-11-01 01:00:58,780 [INFO] PluginManager:220 - loadIPPluginJar : add touchsensing
2025-11-01 01:00:58,784 [INFO] IPUIPlugin:80 - create IPUIPlugin
2025-11-01 01:00:58,785 [INFO] PluginManager:220 - loadIPPluginJar : add tracer_emb
2025-11-01 01:00:58,788 [INFO] IPUIPlugin:80 - create IPUIPlugin
2025-11-01 01:00:58,788 [INFO] PluginManager:220 - loadIPPluginJar : add ts
2025-11-01 01:00:58,791 [INFO] IPUIPlugin:80 - create IPUIPlugin
2025-11-01 01:00:58,792 [INFO] PluginManager:220 - loadIPPluginJar : add tsc
2025-11-01 01:00:58,798 [INFO] IPUIPlugin:80 - create IPUIPlugin
2025-11-01 01:00:58,798 [INFO] PluginManager:220 - loadIPPluginJar : add ucpd
2025-11-01 01:00:58,805 [INFO] IPUIPlugin:80 - create IPUIPlugin
2025-11-01 01:00:58,805 [INFO] PluginManager:220 - loadIPPluginJar : add usart
2025-11-01 01:00:58,816 [INFO] IPUIPlugin:80 - create IPUIPlugin
2025-11-01 01:00:58,817 [INFO] PluginManager:220 - loadIPPluginJar : add usbx
2025-11-01 01:00:59,045 [FATAL] Updater:351 - Updater called before beeing initialized
2025-11-01 01:00:59,100 [INFO] RulesReader:64 - Compatibility file has been processed (317 Rules)
2025-11-01 01:00:59,121 [INFO] RulesReader:64 - Compatibility file has been processed (317 Rules)
2025-11-01 01:00:59,138 [INFO] CADModel:165 - CPN selected for project level
2025-11-01 01:00:59,139 [INFO] CADModel:114 - Register for checkConnection events
2025-11-01 01:00:59,139 [FATAL] Updater:351 - Updater called before beeing initialized
2025-11-01 01:00:59,139 [ERROR] CADModel:125 - Updater not yet initialized, retry later 
2025-11-01 01:00:59,450 [FATAL] Updater:351 - Updater called before beeing initialized
2025-11-01 01:00:59,452 [INFO] CADModel:165 - CPN selected for project level
2025-11-01 01:00:59,452 [INFO] CADModel:114 - Register for checkConnection events
2025-11-01 01:00:59,452 [FATAL] Updater:351 - Updater called before beeing initialized
2025-11-01 01:00:59,452 [ERROR] CADModel:125 - Updater not yet initialized, retry later 
2025-11-01 01:00:59,457 [FATAL] Updater:351 - Updater called before beeing initialized
2025-11-01 01:00:59,596 [FATAL] Updater:351 - Updater called before beeing initialized
2025-11-01 01:00:59,600 [INFO] DbMcusAds:53 - JSON generation date=Thu Oct 02 12:36:05 EEST 2025 (1759397765645)
2025-11-01 01:00:59,601 [FATAL] Updater:351 - Updater called before beeing initialized
2025-11-01 01:00:59,642 [WARN] DetailPanel:346 - Failed to get advertising image, set to default
2025-11-01 01:00:59,745 [FATAL] Updater:351 - Updater called before beeing initialized
2025-11-01 01:00:59,746 [FATAL] Updater:351 - Updater called before beeing initialized
2025-11-01 01:00:59,747 [FATAL] Updater:351 - Updater called before beeing initialized
2025-11-01 01:00:59,747 [WARN] DetailPanel:346 - Failed to get advertising image, set to default
2025-11-01 01:00:59,748 [FATAL] Updater:351 - Updater called before beeing initialized
2025-11-01 01:00:59,799 [ERROR] Updater:1198 - MainUpdater not yet initialized. External WinMGr cannot be set.
2025-11-01 01:00:59,800 [INFO] Updater:1134 - Updater Version found : 6.15.0
2025-11-01 01:00:59,815 [INFO] ApplicationProperties:184 - Using Application install path: C:\ST\STM32CubeIDE_1.19.0\STM32CubeIDE\plugins\com.st.stm32cube.common.mx_6.15.0.202507011659
2025-11-01 01:01:00,581 [INFO] ThirdPartyUpdaterWithRetryManager:70 - Updater plugin not ready yet. [2/15]
2025-11-01 01:01:01,391 [ERROR] LogOutputStream:75 - [STDERR_REDIRECT] Nov 01, 2025 1:01:01 AM java.util.prefs.WindowsPreferences <init>
2025-11-01 01:01:01,414 [ERROR] LogOutputStream:75 - [STDERR_REDIRECT] WARNING: Could not open/create prefs root node Software\JavaSoft\Prefs at root 0xffffffff80000002. Windows RegCreateKeyEx(...) returned error code 5.
2025-11-01 01:01:01,469 [ERROR] LogOutputStream:75 - [STDERR_REDIRECT] 
2025-11-01 01:01:01,945 [INFO] MainUpdater:2872 - connection check result : 10
2025-11-01 01:01:01,947 [INFO] MainUpdater:289 - Updater Check For Update Now.
2025-11-01 01:01:01,948 [INFO] MicroXplorer:498 - Change Database Version : DB.6.0.150
2025-11-01 01:01:01,962 [INFO] McuFinderGlobals:63 - Set McuFinder mode to 2 (CubeIDE integrated)
2025-11-01 01:01:01,963 [INFO] UserAuth:487 - Internet connection configuration mode: 1
2025-11-01 01:01:02,003 [INFO] JxBrowserEngine:152 - Initiate JxBrowser Engine with user profile folder
2025-11-01 01:01:02,217 [INFO] CheckServerUpdateThread:120 - End of CheckServer Thread
2025-11-01 01:01:02,836 [INFO] WebApp:169 - Instantiating new browser for Auth
2025-11-01 01:01:03,886 [INFO] WebApp:463 - Apply proxy settings
2025-11-01 01:01:03,886 [INFO] WebApp:548 - Chromium requires no authentication
2025-11-01 01:01:03,900 [INFO] WebApp:491 - Direct internet connection detected
2025-11-01 01:01:03,976 [INFO] WebApp:900 - Register for checkConnection events
2025-11-01 01:01:03,977 [INFO] WebApp:463 - Apply proxy settings
2025-11-01 01:01:03,978 [INFO] WebApp:548 - Chromium requires no authentication
2025-11-01 01:01:03,979 [INFO] WebApp:491 - Direct internet connection detected
2025-11-01 01:01:04,163 [WARN] PackLoader:240 - Cannot read IP mode file for STMicroelectronics.FP-SNS-MOTENVWB1.1.4.0
2025-11-01 01:01:04,199 [WARN] PackLoader:240 - Cannot read IP mode file for STMicroelectronics.FP-ATR-ASTRA1.2.0.2
2025-11-01 01:01:04,244 [WARN] PackLoader:240 - Cannot read IP mode file for STMicroelectronics.X-CUBE-SMBUS.2.1.0
2025-11-01 01:01:04,424 [WARN] PackLoader:240 - Cannot read IP mode file for STMicroelectronics.X-CUBE-AZRTOS-F7.1.1.0
2025-11-01 01:01:04,459 [WARN] PackLoader:240 - Cannot read IP mode file for Cesanta.I-CUBE-Mongoose.7.19.0
2025-11-01 01:01:04,503 [WARN] PackLoader:240 - Cannot read IP mode file for STMicroelectronics.FP-SNS-MOTENV1.5.1.0
2025-11-01 01:01:04,557 [INFO] WebApp:191 - Connection restablished
2025-11-01 01:01:04,567 [WARN] PackLoader:240 - Cannot read IP mode file for WES.I-CUBE-Cesium.1.4.0
2025-11-01 01:01:04,696 [WARN] PackLoader:240 - Cannot read IP mode file for Infineon.AIROC-Wi-Fi-Bluetooth-STM32.1.7.1
2025-11-01 01:01:04,831 [WARN] PackLoader:240 - Cannot read IP mode file for STMicroelectronics.X-CUBE-AZRTOS-H7.3.4.0
2025-11-01 01:01:04,872 [WARN] PackLoader:240 - Cannot read IP mode file for STMicroelectronics.X-CUBE-DISPLAY.3.0.0
2025-11-01 01:01:04,933 [WARN] PackLoader:240 - Cannot read IP mode file for STMicroelectronics.X-CUBE-NFC10.1.0.0
2025-11-01 01:01:04,966 [WARN] PackLoader:240 - Cannot read IP mode file for STMicroelectronics.X-CUBE-ST60.1.1.0
2025-11-01 01:01:04,976 [INFO] WebApp:225 - Starting web application
2025-11-01 01:01:04,977 [INFO] WebApp:593 - Web application path used C:\ST\STM32CubeIDE_1.19.0\STM32CubeIDE\plugins\com.st.stm32cube.common.mx_6.15.0.202507011659\db\plugins\mcufinder\reactClient1\index.html
2025-11-01 01:01:04,991 [WARN] PackLoader:240 - Cannot read IP mode file for emotas.I-CUBE-CANOPEN.1.3.0
2025-11-01 01:01:05,017 [WARN] PackLoader:240 - Cannot read IP mode file for STMicroelectronics.X-CUBE-GNSS1.7.1.0
2025-11-01 01:01:05,060 [WARN] PackLoader:240 - Cannot read IP mode file for STMicroelectronics.FP-SNS-STBOX1.2.1.0
2025-11-01 01:01:05,083 [WARN] PackLoader:240 - Cannot read IP mode file for STMicroelectronics.FP-SNS-SMARTAG2.1.2.0
2025-11-01 01:01:05,095 [WARN] PackLoader:240 - Cannot read IP mode file for STMicroelectronics.FP-SNS-FLIGHT1.5.1.0
2025-11-01 01:01:05,140 [INFO] LogOutputStream:77 - [STDOUT_REDIRECT] 1 : Invalid condition id : UX_CORESTACK_Condition cause : null
2025-11-01 01:01:05,146 [INFO] LogOutputStream:77 - [STDOUT_REDIRECT] 1 : Invalid condition id : UX_CORESTACK_Condition cause : null
2025-11-01 01:01:05,175 [INFO] LogOutputStream:77 - [STDOUT_REDIRECT] 1 : Invalid condition id : UX_CORESTACK_Condition cause : null
2025-11-01 01:01:05,185 [INFO] LogOutputStream:77 - [STDOUT_REDIRECT] 1 : Invalid condition id : UX_CORESTACK_Condition cause : null
2025-11-01 01:01:05,189 [INFO] LogOutputStream:77 - [STDOUT_REDIRECT] 1 : Invalid condition id : UX_CORESTACK_Condition cause : null
2025-11-01 01:01:05,208 [WARN] PackLoader:240 - Cannot read IP mode file for STMicroelectronics.X-CUBE-AZRTOS-WL.2.0.0
2025-11-01 01:01:05,229 [WARN] PackLoader:240 - Cannot read IP mode file for STMicroelectronics.FP-SNS-MOTENV1.5.0.0
2025-11-01 01:01:05,258 [WARN] PackLoader:240 - Cannot read IP mode file for STMicroelectronics.X-CUBE-BLE2.3.3.0
2025-11-01 01:01:05,294 [WARN] PackLoader:240 - Cannot read IP mode file for STMicroelectronics.X-CUBE-NFC9.1.0.0
2025-11-01 01:01:05,312 [WARN] PackLoader:240 - Cannot read IP mode file for wolfSSL.I-CUBE-wolfSSL.5.8.2
2025-11-01 01:01:05,326 [WARN] PackLoader:240 - Cannot read IP mode file for STMicroelectronics.X-CUBE-BLE1.7.1.0
2025-11-01 01:01:05,349 [WARN] PackLoader:240 - Cannot read IP mode file for wolfSSL.I-CUBE-wolfMQTT.1.19.2
2025-11-01 01:01:05,382 [WARN] PackLoader:240 - Cannot read IP mode file for STMicroelectronics.X-CUBE-EEPRMA1.5.2.0
2025-11-01 01:01:05,424 [WARN] PackLoader:240 - Cannot read IP mode file for STMicroelectronics.X-CUBE-ST67W61.1.1.0
2025-11-01 01:01:05,526 [WARN] PackLoader:240 - Cannot read IP mode file for STMicroelectronics.X-CUBE-AZRTOS-G0.1.1.0
2025-11-01 01:01:05,544 [WARN] PackLoader:240 - Cannot read IP mode file for STMicroelectronics.X-CUBE-SAFEA1.1.2.2
2025-11-01 01:01:05,557 [WARN] PackLoader:240 - Cannot read IP mode file for STMicroelectronics.X-CUBE-NFC4.3.0.0
2025-11-01 01:01:05,583 [WARN] PackLoader:240 - Cannot read IP mode file for EmbeddedOffice.I-CUBE-FS-RTOS.1.0.1
2025-11-01 01:01:05,611 [WARN] PackLoader:240 - Cannot read IP mode file for STMicroelectronics.X-CUBE-WB05N.2.0.0
2025-11-01 01:01:05,618 [WARN] PackLoader:240 - Cannot read IP mode file for wolfSSL.I-CUBE-wolfTPM.3.8.0
2025-11-01 01:01:05,628 [WARN] PackLoader:240 - Cannot read IP mode file for STMicroelectronics.X-CUBE-TCPP.4.2.0
2025-11-01 01:01:05,639 [WARN] PackLoader:240 - Cannot read IP mode file for RealThread.X-CUBE-RT-Thread_Nano.4.1.1
2025-11-01 01:01:05,646 [WARN] PackLoader:240 - Cannot read IP mode file for STMicroelectronics.FP-ATR-SIGFOX1.3.2.0
2025-11-01 01:01:05,655 [WARN] PackLoader:240 - Cannot read IP mode file for ITTIA_DB.I-CUBE-ITTIADB.8.9.0
2025-11-01 01:01:05,661 [WARN] PackLoader:240 - Cannot read IP mode file for STMicroelectronics.X-CUBE-AI.10.2.0
2025-11-01 01:01:05,725 [WARN] PackLoader:240 - Cannot read IP mode file for SEGGER.I-CUBE-embOS.1.3.1
2025-11-01 01:01:05,814 [WARN] PackLoader:240 - Cannot read IP mode file for STMicroelectronics.X-CUBE-ALGOBUILD.1.4.0
2025-11-01 01:01:05,907 [WARN] PackLoader:240 - Cannot read IP mode file for STMicroelectronics.X-CUBE-MEMS1.11.3.0
2025-11-01 01:01:06,021 [INFO] UserAuth:487 - Internet connection configuration mode: 1
2025-11-01 01:01:06,283 [WARN] PackLoader:240 - Cannot read IP mode file for STMicroelectronics.X-CUBE-PM33A1.1.0.0
2025-11-01 01:01:06,391 [WARN] PackLoader:240 - Cannot read IP mode file for STMicroelectronics.X-CUBE-AZRTOS-F4.1.1.0
2025-11-01 01:01:06,415 [WARN] PackLoader:240 - Cannot read IP mode file for STMicroelectronics.X-CUBE-ISPU.2.1.0
2025-11-01 01:01:06,448 [WARN] PackLoader:240 - Cannot read IP mode file for STMicroelectronics.X-CUBE-IPS.3.2.0
2025-11-01 01:01:06,468 [WARN] PackLoader:240 - Cannot read IP mode file for STMicroelectronics.X-CUBE-NFC12.1.0.0
2025-11-01 01:01:06,502 [WARN] PackLoader:240 - Cannot read IP mode file for STMicroelectronics.X-CUBE-AZRTOS-L5.2.0.0
2025-11-01 01:01:06,517 [WARN] PackLoader:240 - Cannot read IP mode file for STMicroelectronics.X-CUBE-NFC6.3.1.0
2025-11-01 01:01:06,529 [WARN] PackLoader:240 - Cannot read IP mode file for STMicroelectronics.X-CUBE-FREERTOS.1.3.1
2025-11-01 01:01:06,539 [WARN] PackLoader:240 - Cannot read IP mode file for STMicroelectronics.X-CUBE-TOUCHGFX.4.26.0
2025-11-01 01:01:06,547 [WARN] PackLoader:240 - Cannot read IP mode file for STMicroelectronics.FP-SNS-STAIOTCFT.1.0.0
2025-11-01 01:01:06,556 [WARN] PackLoader:240 - Cannot read IP mode file for STMicroelectronics.X-CUBE-DPower.1.3.0
2025-11-01 01:01:06,597 [WARN] ConditionMgr:438 - getConditionDescription Invalid condition id : LAN8742 Phy interface Condition cause : null
2025-11-01 01:01:06,598 [WARN] PackLoader:240 - Cannot read IP mode file for STMicroelectronics.X-CUBE-AZRTOS-L4.2.0.0
2025-11-01 01:01:06,601 [WARN] ConditionMgr:1044 - genDependencies : Invalid condition id : LAN8742 Phy interface Condition cause : null
2025-11-01 01:01:06,602 [WARN] ConditionMgr:1044 - genDependencies : Invalid condition id : LAN8742 Phy interface Condition cause : null
2025-11-01 01:01:06,604 [WARN] ConditionMgr:1044 - genDependencies : Invalid condition id : LAN8742 Phy interface Condition cause : null
2025-11-01 01:01:06,617 [WARN] PackLoader:240 - Cannot read IP mode file for STMicroelectronics.X-CUBE-SFXS2LP1.4.0.0
2025-11-01 01:01:06,636 [WARN] PackLoader:240 - Cannot read IP mode file for STMicroelectronics.X-CUBE-BLEMGR.4.1.0
2025-11-01 01:01:06,661 [WARN] ConditionMgr:438 - getConditionDescription Invalid condition id : UX DEVICE CLASS RTOS Condition cause : null
2025-11-01 01:01:06,662 [WARN] ConditionMgr:438 - getConditionDescription Invalid condition id : UX DEVICE CLASS RTOS Condition cause : null
2025-11-01 01:01:06,665 [WARN] PackLoader:240 - Cannot read IP mode file for STMicroelectronics.X-CUBE-AZRTOS-WB.2.0.0
2025-11-01 01:01:06,667 [WARN] ConditionMgr:1044 - genDependencies : Invalid condition id : UX DEVICE CLASS RTOS Condition cause : null
2025-11-01 01:01:06,668 [WARN] ConditionMgr:1044 - genDependencies : Invalid condition id : UX DEVICE CLASS RTOS Condition cause : null
2025-11-01 01:01:06,669 [WARN] ConditionMgr:1044 - genDependencies : Invalid condition id : UX DEVICE CLASS RTOS Condition cause : null
2025-11-01 01:01:06,672 [WARN] ConditionMgr:1044 - genDependencies : Invalid condition id : UX DEVICE CLASS RTOS Condition cause : null
2025-11-01 01:01:06,672 [WARN] ConditionMgr:1044 - genDependencies : Invalid condition id : UX DEVICE CLASS RTOS Condition cause : null
2025-11-01 01:01:06,693 [WARN] PackLoader:240 - Cannot read IP mode file for STMicroelectronics.X-CUBE-GNSS1.7.0.1
2025-11-01 01:01:06,707 [WARN] ConditionMgr:438 - getConditionDescription Invalid condition id : Cortex-A Device cause : null
2025-11-01 01:01:06,729 [INFO] LogOutputStream:77 - [STDOUT_REDIRECT] [ThirdParty] unknown protocol: c
2025-11-01 01:01:06,729 [WARN] PackLoader:240 - Cannot read IP mode file for quantropi.X-CUBE-qispace-sdk-base.2.1.0
2025-11-01 01:01:06,730 [WARN] ConditionMgr:1044 - genDependencies : Invalid condition id : Cortex-A Device cause : null
2025-11-01 01:01:06,730 [WARN] ConditionMgr:1044 - genDependencies : Invalid condition id : Cortex-A Device cause : null
2025-11-01 01:01:06,730 [WARN] ConditionMgr:1044 - genDependencies : Invalid condition id : Cortex-A Device cause : null
2025-11-01 01:01:06,752 [WARN] PackLoader:240 - Cannot read IP mode file for STMicroelectronics.X-CUBE-SUBG2.5.0.0
2025-11-01 01:01:06,798 [WARN] PackLoader:240 - Cannot read IP mode file for STMicroelectronics.X-CUBE-AZRTOS-H7RS.1.1.0
2025-11-01 01:01:06,828 [WARN] PackLoader:240 - Cannot read IP mode file for STMicroelectronics.X-CUBE-AZRTOS-G4.2.0.0
2025-11-01 01:01:06,840 [WARN] PackLoader:240 - Cannot read IP mode file for wolfSSL.I-CUBE-wolfSSH.1.4.20
2025-11-01 01:01:06,847 [WARN] PackLoader:240 - Cannot read IP mode file for STMicroelectronics.X-CUBE-NFC7.2.0.0
2025-11-01 01:01:06,855 [WARN] PackLoader:240 - Cannot read IP mode file for STMicroelectronics.X-CUBE-ALS.1.0.2
2025-11-01 01:01:06,868 [WARN] PackLoader:240 - Cannot read IP mode file for STMicroelectronics.X-CUBE-STSE01.1.0.0
2025-11-01 01:01:06,906 [WARN] PackLoader:240 - Cannot read IP mode file for STMicroelectronics.X-CUBE-TOF1.3.4.3
2025-11-01 01:01:06,967 [INFO] ThirdParty:978 - Integrity check success = true
2025-11-01 01:01:06,967 [INFO] IntegrityCheckThread:100 - exiting critical section [integrity check]
2025-11-01 01:01:06,967 [INFO] IntegrityCheckThread:103 - End integrity checks thread
2025-11-01 01:02:57,652 [ERROR] LogOutputStream:75 - [STDERR_REDIRECT] 
2025-11-01 01:02:57,653 [ERROR] LogOutputStream:75 - [STDERR_REDIRECT] 
